<?xml version="1.0" encoding="UTF-8"?>
<!-- Generated by org.testng.reporters.JUnitXMLReporter -->
<testsuite hostname="Lenovo-PC" name="Default test" tests="2" failures="0" timestamp="29 Apr 2017 06:11:41 GMT" time="3.809" errors="0">
  <testcase name="@BeforeTest login" time="0.0" classname="testng.CreateLead">
    <failure type="org.testng.TestNGException" message="
Parameter &amp;apos;URL&amp;apos; is required by @Configuration on method login but has not been marked @Optional or defined
in C:\Users\crimsonearth\AppData\Local\Temp\testng-eclipse-720429889\testng-customsuite.xml">
      <![CDATA[org.testng.TestNGException: 
Parameter 'URL' is required by @Configuration on method login but has not been marked @Optional or defined
in C:\Users\crimsonearth\AppData\Local\Temp\testng-eclipse-720429889\testng-customsuite.xml
	at org.testng.internal.Parameters.createParameters(Parameters.java:148)
	at org.testng.internal.Parameters.createParameters(Parameters.java:361)
	at org.testng.internal.Parameters.createConfigurationParameters(Parameters.java:84)
	at org.testng.internal.Invoker.invokeConfigurations(Invoker.java:197)
	at org.testng.internal.Invoker.invokeConfigurations(Invoker.java:138)
	at org.testng.TestRunner.beforeRun(TestRunner.java:647)
	at org.testng.TestRunner.run(TestRunner.java:615)
	at org.testng.SuiteRunner.runTest(SuiteRunner.java:359)
	at org.testng.SuiteRunner.runSequentially(SuiteRunner.java:354)
	at org.testng.SuiteRunner.privateRun(SuiteRunner.java:312)
	at org.testng.SuiteRunner.run(SuiteRunner.java:261)
	at org.testng.SuiteRunnerWorker.runSuite(SuiteRunnerWorker.java:52)
	at org.testng.SuiteRunnerWorker.run(SuiteRunnerWorker.java:86)
	at org.testng.TestNG.runSuitesSequentially(TestNG.java:1185)
	at org.testng.TestNG.runSuitesLocally(TestNG.java:1110)
	at org.testng.TestNG.run(TestNG.java:1018)
	at org.testng.remote.RemoteTestNG.run(RemoteTestNG.java:112)
	at org.testng.remote.RemoteTestNG.initAndRun(RemoteTestNG.java:205)
	at org.testng.remote.RemoteTestNG.main(RemoteTestNG.java:176)
]]>
    </failure>
  </testcase> <!-- @BeforeTest login -->
  <testcase name="@AfterTest closeBrowser" time="0.0" classname="testng.CreateLead">
    <skipped/>
  </testcase> <!-- @AfterTest closeBrowser -->
  <testcase name="createLead" time="0.015" classname="testng.CreateLead">
    <skipped/>
  </testcase> <!-- createLead -->
  <testcase name="createLead" time="0.002" classname="testng.CreateLead">
    <skipped/>
  </testcase> <!-- createLead -->
</testsuite> <!-- Default test -->
